0 info it worked if it ends with ok
1 verbose cli [ '/usr/local/bin/node',
1 verbose cli   '/usr/local/lib/node_modules/cnpm/node_modules/.bin/npm',
1 verbose cli   '--userconfig=/Users/huanghui/.cnpmrc',
1 verbose cli   '--disturl=https://npm.taobao.org/mirrors/node',
1 verbose cli   '--registry=https://registry.npm.taobao.org',
1 verbose cli   'run',
1 verbose cli   'dev' ]
2 info using npm@3.10.5
3 info using node@v8.8.1
4 verbose run-script [ 'predev', 'dev', 'postdev' ]
5 info lifecycle demo05-react@1.0.0~predev: demo05-react@1.0.0
6 silly lifecycle demo05-react@1.0.0~predev: no script for predev, continuing
7 info lifecycle demo05-react@1.0.0~dev: demo05-react@1.0.0
8 verbose lifecycle demo05-react@1.0.0~dev: unsafe-perm in lifecycle true
9 verbose lifecycle demo05-react@1.0.0~dev: PATH: /usr/local/lib/node_modules/cnpm/node_modules/npm/bin/node-gyp-bin:/Users/huanghui/Documents/huanghui8030.github.io/widget/webpack/webpack1214/demo14-react/node_modules/.bin:/usr/local/bin:/Users/huanghui/bin:/usr/local/bin:/usr/local/bin:/usr/bin:/bin:/usr/sbin:/sbin
10 verbose lifecycle demo05-react@1.0.0~dev: CWD: /Users/huanghui/Documents/huanghui8030.github.io/widget/webpack/webpack1214/demo14-react
11 silly lifecycle demo05-react@1.0.0~dev: Args: [ '-c',
11 silly lifecycle   'webpack-dev-server --devtool eval --progress --colors --content-base build' ]
12 silly lifecycle demo05-react@1.0.0~dev: Returned: code: 1  signal: null
13 info lifecycle demo05-react@1.0.0~dev: Failed to exec dev script
14 verbose stack Error: demo05-react@1.0.0 dev: `webpack-dev-server --devtool eval --progress --colors --content-base build`
14 verbose stack Exit status 1
14 verbose stack     at EventEmitter.<anonymous> (/usr/local/lib/node_modules/cnpm/node_modules/npm/lib/utils/lifecycle.js:242:16)
14 verbose stack     at emitTwo (events.js:125:13)
14 verbose stack     at EventEmitter.emit (events.js:213:7)
14 verbose stack     at ChildProcess.<anonymous> (/usr/local/lib/node_modules/cnpm/node_modules/npm/lib/utils/spawn.js:40:14)
14 verbose stack     at emitTwo (events.js:125:13)
14 verbose stack     at ChildProcess.emit (events.js:213:7)
14 verbose stack     at maybeClose (internal/child_process.js:927:16)
14 verbose stack     at Process.ChildProcess._handle.onexit (internal/child_process.js:211:5)
15 verbose pkgid demo05-react@1.0.0
16 verbose cwd /Users/huanghui/Documents/huanghui8030.github.io/widget/webpack/webpack1214/demo14-react
17 error Darwin 15.6.0
18 error argv "/usr/local/bin/node" "/usr/local/lib/node_modules/cnpm/node_modules/.bin/npm" "--userconfig=/Users/huanghui/.cnpmrc" "--disturl=https://npm.taobao.org/mirrors/node" "--registry=https://registry.npm.taobao.org" "run" "dev"
19 error node v8.8.1
20 error npm  v3.10.5
21 error code ELIFECYCLE
22 error demo05-react@1.0.0 dev: `webpack-dev-server --devtool eval --progress --colors --content-base build`
22 error Exit status 1
23 error Failed at the demo05-react@1.0.0 dev script 'webpack-dev-server --devtool eval --progress --colors --content-base build'.
23 error Make sure you have the latest version of node.js and npm installed.
23 error If you do, this is most likely a problem with the demo05-react package,
23 error not with npm itself.
23 error Tell the author that this fails on your system:
23 error     webpack-dev-server --devtool eval --progress --colors --content-base build
23 error You can get information on how to open an issue for this project with:
23 error     npm bugs demo05-react
23 error Or if that isn't available, you can get their info via:
23 error     npm owner ls demo05-react
23 error There is likely additional logging output above.
24 verbose exit [ 1, true ]
